<?xml version="1.0" encoding="UTF-8"?>
<testng-results ignored="0" total="1" passed="1" failed="0" skipped="0">
  <reporter-output>
    <line>
      <![CDATA[Restaurant Added Successfully]]>
    </line>
  </reporter-output>
  <suite started-at="2023-01-18T19:51:19 IST" name="Default suite" finished-at="2023-01-18T19:51:19 IST" duration-ms="142">
    <groups>
    </groups>
    <test started-at="2023-01-18T19:51:19 IST" name="Default test" finished-at="2023-01-18T19:51:19 IST" duration-ms="142">
      <class name="projectPractice.AddRestaurantTest">
        <test-method signature="resturantTest()[pri:0, instance:projectPractice.AddRestaurantTest@1ba9117e]" started-at="2023-01-18T19:51:19 IST" name="resturantTest" finished-at="2023-01-18T19:51:19 IST" duration-ms="27" status="PASS">
          <reporter-output>
            <line>
              <![CDATA[Restaurant Added Successfully]]>
            </line>
          </reporter-output>
        </test-method> <!-- resturantTest -->
      </class> <!-- projectPractice.AddRestaurantTest -->
    </test> <!-- Default test -->
  </suite> <!-- Default suite -->
</testng-results>
